<testsuite errors="0" failures="1" tests="9" skipped="0" name="org.elasticsearch.ESExceptionTests" hostname="nohost.nodomain" time="0.27" timestamp="2015-11-19T11:28:09">
   <properties class="java.util.ArrayList">
      <property name="awt.toolkit" value="sun.lwawt.macosx.LWCToolkit"/>
      <property name="es.logger.level" value="ERROR"/>
      <property name="es.logger.prefix" value=""/>
      <property name="es.node.local" value=""/>
      <property name="es.node.mode" value=""/>
      <property name="file.encoding" value="UTF-8"/>
      <property name="file.encoding.pkg" value="sun.io"/>
      <property name="file.separator" value="/"/>
      <property name="ftp.nonProxyHosts" value="local|*.local|169.254/16|*.169.254/16"/>
      <property name="gopherProxySet" value="false"/>
      <property name="haltOnFailure" value=""/>
      <property name="http.nonProxyHosts" value="local|*.local|169.254/16|*.169.254/16"/>
      <property name="java.awt.graphicsenv" value="sun.awt.CGraphicsEnvironment"/>
      <property name="java.awt.headless" value="true"/>
      <property name="java.awt.printerjob" value="sun.lwawt.macosx.CPrinterJob"/>
      <property name="java.class.path" value="/Users/aar/src/elastic/elasticsearch/core/target/test-classes:/Users/aar/src/elastic/elasticsearch/core/target/classes:/Users/aar/.m2/repository/org/hamcrest/hamcrest-all/1.3/hamcrest-all-1.3.jar:/Users/aar/.m2/repository/com/carrotsearch/randomizedtesting/randomizedtesting-runner/2.1.16/randomizedtesting-runner-2.1.16.jar:/Users/aar/.m2/repository/junit/junit/4.11/junit-4.11.jar:/Users/aar/.m2/repository/org/apache/lucene/lucene-test-framework/5.2.1/lucene-test-framework-5.2.1.jar:/Users/aar/.m2/repository/org/apache/lucene/lucene-codecs/5.2.1/lucene-codecs-5.2.1.jar:/Users/aar/.m2/repository/org/apache/ant/ant/1.8.2/ant-1.8.2.jar:/Users/aar/.m2/repository/org/apache/httpcomponents/httpclient/4.3.6/httpclient-4.3.6.jar:/Users/aar/.m2/repository/org/apache/httpcomponents/httpcore/4.3.3/httpcore-4.3.3.jar:/Users/aar/.m2/repository/commons-logging/commons-logging/1.1.3/commons-logging-1.1.3.jar:/Users/aar/.m2/repository/commons-codec/commons-codec/1.6/commons-codec-1.6.jar:/Users/aar/.m2/repository/com/google/jimfs/jimfs/1.0/jimfs-1.0.jar:/Users/aar/.m2/repository/org/apache/lucene/lucene-core/5.2.1/lucene-core-5.2.1.jar:/Users/aar/.m2/repository/org/apache/lucene/lucene-backward-codecs/5.2.1/lucene-backward-codecs-5.2.1.jar:/Users/aar/.m2/repository/org/apache/lucene/lucene-analyzers-common/5.2.1/lucene-analyzers-common-5.2.1.jar:/Users/aar/.m2/repository/org/apache/lucene/lucene-queries/5.2.1/lucene-queries-5.2.1.jar:/Users/aar/.m2/repository/org/apache/lucene/lucene-memory/5.2.1/lucene-memory-5.2.1.jar:/Users/aar/.m2/repository/org/apache/lucene/lucene-highlighter/5.2.1/lucene-highlighter-5.2.1.jar:/Users/aar/.m2/repository/org/apache/lucene/lucene-queryparser/5.2.1/lucene-queryparser-5.2.1.jar:/Users/aar/.m2/repository/org/apache/lucene/lucene-sandbox/5.2.1/lucene-sandbox-5.2.1.jar:/Users/aar/.m2/repository/org/apache/lucene/lucene-suggest/5.2.1/lucene-suggest-5.2.1.jar:/Users/aar/.m2/repository/org/apache/lucene/lucene-misc/5.2.1/lucene-misc-5.2.1.jar:/Users/aar/.m2/repository/org/apache/lucene/lucene-join/5.2.1/lucene-join-5.2.1.jar:/Users/aar/.m2/repository/org/apache/lucene/lucene-grouping/5.2.1/lucene-grouping-5.2.1.jar:/Users/aar/.m2/repository/org/apache/lucene/lucene-spatial/5.2.1/lucene-spatial-5.2.1.jar:/Users/aar/.m2/repository/org/apache/lucene/lucene-expressions/5.2.1/lucene-expressions-5.2.1.jar:/Users/aar/.m2/repository/org/antlr/antlr-runtime/3.5/antlr-runtime-3.5.jar:/Users/aar/.m2/repository/org/ow2/asm/asm/4.1/asm-4.1.jar:/Users/aar/.m2/repository/org/ow2/asm/asm-commons/4.1/asm-commons-4.1.jar:/Users/aar/.m2/repository/com/spatial4j/spatial4j/0.4.1/spatial4j-0.4.1.jar:/Users/aar/.m2/repository/com/vividsolutions/jts/1.13/jts-1.13.jar:/Users/aar/.m2/repository/com/github/spullara/mustache/java/compiler/0.8.13/compiler-0.8.13.jar:/Users/aar/.m2/repository/com/google/guava/guava/18.0/guava-18.0.jar:/Users/aar/.m2/repository/com/carrotsearch/hppc/0.7.1/hppc-0.7.1.jar:/Users/aar/.m2/repository/joda-time/joda-time/2.8.2/joda-time-2.8.2.jar:/Users/aar/.m2/repository/org/joda/joda-convert/1.2/joda-convert-1.2.jar:/Users/aar/.m2/repository/com/fasterxml/jackson/core/jackson-core/2.5.3/jackson-core-2.5.3.jar:/Users/aar/.m2/repository/com/fasterxml/jackson/dataformat/jackson-dataformat-smile/2.5.3/jackson-dataformat-smile-2.5.3.jar:/Users/aar/.m2/repository/com/fasterxml/jackson/dataformat/jackson-dataformat-yaml/2.5.3/jackson-dataformat-yaml-2.5.3.jar:/Users/aar/.m2/repository/org/yaml/snakeyaml/1.12/snakeyaml-1.12.jar:/Users/aar/.m2/repository/com/fasterxml/jackson/dataformat/jackson-dataformat-cbor/2.5.3/jackson-dataformat-cbor-2.5.3.jar:/Users/aar/.m2/repository/io/netty/netty/3.10.5.Final/netty-3.10.5.Final.jar:/Users/aar/.m2/repository/com/ning/compress-lzf/1.0.2/compress-lzf-1.0.2.jar:/Users/aar/.m2/repository/com/tdunning/t-digest/3.0/t-digest-3.0.jar:/Users/aar/.m2/repository/org/hdrhistogram/HdrHistogram/2.1.6/HdrHistogram-2.1.6.jar:/Users/aar/.m2/repository/commons-cli/commons-cli/1.3.1/commons-cli-1.3.1.jar:/Users/aar/.m2/repository/org/codehaus/groovy/groovy-all/2.4.4/groovy-all-2.4.4-indy.jar:/Users/aar/.m2/repository/log4j/log4j/1.2.17/log4j-1.2.17.jar:/Users/aar/.m2/repository/log4j/apache-log4j-extras/1.2.17/apache-log4j-extras-1.2.17.jar:/Users/aar/.m2/repository/org/slf4j/slf4j-api/1.6.2/slf4j-api-1.6.2.jar:/Users/aar/.m2/repository/net/java/dev/jna/jna/4.1.0/jna-4.1.0.jar:/Users/aar/.m2/repository/com/twitter/jsr166e/1.1.0/jsr166e-1.1.0.jar:/Users/aar/.m2/repository/com/carrotsearch/randomizedtesting/junit4-ant/2.1.16/junit4-ant-2.1.16.jar"/>
      <property name="java.class.version" value="52.0"/>
      <property name="java.endorsed.dirs" value="/Library/Java/JavaVirtualMachines/jdk1.8.0.jdk/Contents/Home/jre/lib/endorsed"/>
      <property name="java.ext.dirs" value="/Users/aar/Library/Java/Extensions:/Library/Java/JavaVirtualMachines/jdk1.8.0.jdk/Contents/Home/jre/lib/ext:/Library/Java/Extensions:/Network/Library/Java/Extensions:/System/Library/Java/Extensions:/usr/lib/java"/>
      <property name="java.home" value="/Library/Java/JavaVirtualMachines/jdk1.8.0.jdk/Contents/Home/jre"/>
      <property name="java.io.tmpdir" value="./temp"/>
      <property name="java.library.path" value="/Users/aar/Library/Java/Extensions:/Library/Java/Extensions:/Network/Library/Java/Extensions:/System/Library/Java/Extensions:/usr/lib/java:."/>
      <property name="java.runtime.name" value="Java(TM) SE Runtime Environment"/>
      <property name="java.runtime.version" value="1.8.0-b132"/>
      <property name="java.specification.name" value="Java Platform API Specification"/>
      <property name="java.specification.vendor" value="Oracle Corporation"/>
      <property name="java.specification.version" value="1.8"/>
      <property name="java.vendor" value="Oracle Corporation"/>
      <property name="java.vendor.url" value="http://java.oracle.com/"/>
      <property name="java.vendor.url.bug" value="http://bugreport.sun.com/bugreport/"/>
      <property name="java.version" value="1.8.0"/>
      <property name="java.vm.info" value="mixed mode"/>
      <property name="java.vm.name" value="Java HotSpot(TM) 64-Bit Server VM"/>
      <property name="java.vm.specification.name" value="Java Virtual Machine Specification"/>
      <property name="java.vm.specification.vendor" value="Oracle Corporation"/>
      <property name="java.vm.specification.version" value="1.8"/>
      <property name="java.vm.vendor" value="Oracle Corporation"/>
      <property name="java.vm.version" value="25.0-b70"/>
      <property name="junit4.childvm.count" value="3"/>
      <property name="junit4.childvm.cwd" value="/Users/aar/src/elastic/elasticsearch/core/target/J1"/>
      <property name="junit4.childvm.id" value="1"/>
      <property name="junit4.memory.total" value="514850816"/>
      <property name="junit4.pidString" value="21605@iota.local"/>
      <property name="junit4.processors" value="4"/>
      <property name="line.separator" value="
"/>
      <property name="os.arch" value="x86_64"/>
      <property name="os.name" value="Mac OS X"/>
      <property name="os.version" value="10.10.5"/>
      <property name="path.separator" value=":"/>
      <property name="socksNonProxyHosts" value="local|*.local|169.254/16|*.169.254/16"/>
      <property name="some.dummy.value" value=""/>
      <property name="sun.arch.data.model" value="64"/>
      <property name="sun.boot.class.path" value="/Library/Java/JavaVirtualMachines/jdk1.8.0.jdk/Contents/Home/jre/lib/resources.jar:/Library/Java/JavaVirtualMachines/jdk1.8.0.jdk/Contents/Home/jre/lib/rt.jar:/Library/Java/JavaVirtualMachines/jdk1.8.0.jdk/Contents/Home/jre/lib/sunrsasign.jar:/Library/Java/JavaVirtualMachines/jdk1.8.0.jdk/Contents/Home/jre/lib/jsse.jar:/Library/Java/JavaVirtualMachines/jdk1.8.0.jdk/Contents/Home/jre/lib/jce.jar:/Library/Java/JavaVirtualMachines/jdk1.8.0.jdk/Contents/Home/jre/lib/charsets.jar:/Library/Java/JavaVirtualMachines/jdk1.8.0.jdk/Contents/Home/jre/lib/jfr.jar:/Library/Java/JavaVirtualMachines/jdk1.8.0.jdk/Contents/Home/jre/classes"/>
      <property name="sun.boot.library.path" value="/Library/Java/JavaVirtualMachines/jdk1.8.0.jdk/Contents/Home/jre/lib"/>
      <property name="sun.cpu.endian" value="little"/>
      <property name="sun.cpu.isalist" value=""/>
      <property name="sun.io.unicode.encoding" value="UnicodeBig"/>
      <property name="sun.java.command" value="com.carrotsearch.ant.tasks.junit4.slave.SlaveMainSafe -eventsfile /Users/aar/src/elastic/elasticsearch/core/target/junit4-J1-20151119_112650_170.events @/Users/aar/src/elastic/elasticsearch/core/target/junit4-J1-20151119_112650_170.suites -stdin"/>
      <property name="sun.java.launcher" value="SUN_STANDARD"/>
      <property name="sun.jnu.encoding" value="UTF-8"/>
      <property name="sun.management.compiler" value="HotSpot 64-Bit Tiered Compilers"/>
      <property name="sun.os.patch.level" value="unknown"/>
      <property name="tests.appendseed" value=""/>
      <property name="tests.assertion.disabled" value="false"/>
      <property name="tests.awaitsfix" value=""/>
      <property name="tests.badapples" value=""/>
      <property name="tests.bwc" value=""/>
      <property name="tests.bwc.path" value=""/>
      <property name="tests.bwc.version" value=""/>
      <property name="tests.class" value=""/>
      <property name="tests.client.ratio" value=""/>
      <property name="tests.cluster" value=""/>
      <property name="tests.compatibility" value=""/>
      <property name="tests.config" value=""/>
      <property name="tests.enable_mock_modules" value=""/>
      <property name="tests.failfast" value=""/>
      <property name="tests.filter" value=""/>
      <property name="tests.heap.size" value="512m"/>
      <property name="tests.iters" value=""/>
      <property name="tests.jvm.argline" value=""/>
      <property name="tests.locale" value="random"/>
      <property name="tests.maven" value="true"/>
      <property name="tests.maxfailures" value=""/>
      <property name="tests.method" value=""/>
      <property name="tests.network" value=""/>
      <property name="tests.nightly" value=""/>
      <property name="tests.prefix" value="tests"/>
      <property name="tests.project" value="org.elasticsearch:elasticsearch"/>
      <property name="tests.rest" value=""/>
      <property name="tests.rest.blacklist" value=""/>
      <property name="tests.rest.load_packaged" value=""/>
      <property name="tests.rest.spec" value=""/>
      <property name="tests.rest.suite" value=""/>
      <property name="tests.security.manager" value="true"/>
      <property name="tests.seed" value="4EF766618EBF2DBC"/>
      <property name="tests.showSuccess" value=""/>
      <property name="tests.thirdparty" value=""/>
      <property name="tests.timeoutSuite" value=""/>
      <property name="tests.timezone" value="random"/>
      <property name="tests.verbose" value="false"/>
      <property name="tests.version" value="2.0.1-SNAPSHOT"/>
      <property name="tests.weekly" value=""/>
      <property name="user.country" value="US"/>
      <property name="user.dir" value="/Users/aar/src/elastic/elasticsearch/core/target/J1"/>
      <property name="user.home" value="/Users/aar"/>
      <property name="user.language" value="en"/>
      <property name="user.name" value="aar"/>
      <property name="user.timezone" value="America/Chicago"/>
   </properties>
   <testcase classname="org.elasticsearch.ESExceptionTests" name="testWriteThrowable" time="0.112"/>
   <testcase classname="org.elasticsearch.ESExceptionTests" name="testToString" time="0.003"/>
   <testcase classname="org.elasticsearch.ESExceptionTests" name="testSerializeElasticsearchException" time="0.003"/>
   <testcase classname="org.elasticsearch.ESExceptionTests" name="testGuessRootCause" time="0.006"/>
   <testcase classname="org.elasticsearch.ESExceptionTests" name="testToXContent" time="0.004"/>
   <testcase classname="org.elasticsearch.ESExceptionTests" name="testStatus" time="0.103">
      <failure message="
Expected: &lt;NOT_FOUND&gt;
     but: was &lt;INTERNAL_SERVER_ERROR&gt;" type="java.lang.AssertionError">java.lang.AssertionError: 
Expected: &lt;NOT_FOUND&gt;
     but: was &lt;INTERNAL_SERVER_ERROR&gt;
	at __randomizedtesting.SeedInfo.seed([4EF766618EBF2DBC:39DFCBA1004F3B7D]:0)
	at org.hamcrest.MatcherAssert.assertThat(MatcherAssert.java:20)
	at org.junit.Assert.assertThat(Assert.java:865)
	at org.junit.Assert.assertThat(Assert.java:832)
	at org.elasticsearch.ESExceptionTests.testStatus(ESExceptionTests.java:65)
	at sun.reflect.NativeMethodAccessorImpl.invoke0(Native Method)
	at sun.reflect.NativeMethodAccessorImpl.invoke(NativeMethodAccessorImpl.java:62)
	at sun.reflect.DelegatingMethodAccessorImpl.invoke(DelegatingMethodAccessorImpl.java:43)
	at java.lang.reflect.Method.invoke(Method.java:483)
	at com.carrotsearch.randomizedtesting.RandomizedRunner.invoke(RandomizedRunner.java:1638)
	at com.carrotsearch.randomizedtesting.RandomizedRunner$6.evaluate(RandomizedRunner.java:847)
	at com.carrotsearch.randomizedtesting.RandomizedRunner$7.evaluate(RandomizedRunner.java:883)
	at com.carrotsearch.randomizedtesting.RandomizedRunner$8.evaluate(RandomizedRunner.java:897)
	at com.carrotsearch.randomizedtesting.rules.StatementAdapter.evaluate(StatementAdapter.java:36)
	at org.apache.lucene.util.TestRuleSetupTeardownChained$1.evaluate(TestRuleSetupTeardownChained.java:50)
	at org.apache.lucene.util.AbstractBeforeAfterRule$1.evaluate(AbstractBeforeAfterRule.java:46)
	at org.apache.lucene.util.TestRuleThreadAndTestName$1.evaluate(TestRuleThreadAndTestName.java:49)
	at org.apache.lucene.util.TestRuleIgnoreAfterMaxFailures$1.evaluate(TestRuleIgnoreAfterMaxFailures.java:65)
	at org.apache.lucene.util.TestRuleMarkFailure$1.evaluate(TestRuleMarkFailure.java:48)
	at com.carrotsearch.randomizedtesting.rules.StatementAdapter.evaluate(StatementAdapter.java:36)
	at com.carrotsearch.randomizedtesting.ThreadLeakControl$StatementRunner.run(ThreadLeakControl.java:365)
	at com.carrotsearch.randomizedtesting.ThreadLeakControl.forkTimeoutingTask(ThreadLeakControl.java:798)
	at com.carrotsearch.randomizedtesting.ThreadLeakControl$3.evaluate(ThreadLeakControl.java:458)
	at com.carrotsearch.randomizedtesting.RandomizedRunner.runSingleTest(RandomizedRunner.java:856)
	at com.carrotsearch.randomizedtesting.RandomizedRunner$3.evaluate(RandomizedRunner.java:758)
	at com.carrotsearch.randomizedtesting.RandomizedRunner$4.evaluate(RandomizedRunner.java:792)
	at com.carrotsearch.randomizedtesting.RandomizedRunner$5.evaluate(RandomizedRunner.java:803)
	at org.apache.lucene.util.AbstractBeforeAfterRule$1.evaluate(AbstractBeforeAfterRule.java:46)
	at com.carrotsearch.randomizedtesting.rules.StatementAdapter.evaluate(StatementAdapter.java:36)
	at org.apache.lucene.util.TestRuleStoreClassName$1.evaluate(TestRuleStoreClassName.java:42)
	at com.carrotsearch.randomizedtesting.rules.NoShadowingOrOverridesOnMethodsRule$1.evaluate(NoShadowingOrOverridesOnMethodsRule.java:39)
	at com.carrotsearch.randomizedtesting.rules.NoShadowingOrOverridesOnMethodsRule$1.evaluate(NoShadowingOrOverridesOnMethodsRule.java:39)
	at com.carrotsearch.randomizedtesting.rules.StatementAdapter.evaluate(StatementAdapter.java:36)
	at com.carrotsearch.randomizedtesting.rules.StatementAdapter.evaluate(StatementAdapter.java:36)
	at com.carrotsearch.randomizedtesting.rules.StatementAdapter.evaluate(StatementAdapter.java:36)
	at org.apache.lucene.util.TestRuleAssertionsRequired$1.evaluate(TestRuleAssertionsRequired.java:54)
	at org.apache.lucene.util.TestRuleMarkFailure$1.evaluate(TestRuleMarkFailure.java:48)
	at org.apache.lucene.util.TestRuleIgnoreAfterMaxFailures$1.evaluate(TestRuleIgnoreAfterMaxFailures.java:65)
	at org.apache.lucene.util.TestRuleIgnoreTestSuites$1.evaluate(TestRuleIgnoreTestSuites.java:55)
	at com.carrotsearch.randomizedtesting.rules.StatementAdapter.evaluate(StatementAdapter.java:36)
	at com.carrotsearch.randomizedtesting.ThreadLeakControl$StatementRunner.run(ThreadLeakControl.java:365)
	at java.lang.Thread.run(Thread.java:744)
</failure>
   </testcase>
   <testcase classname="org.elasticsearch.ESExceptionTests" name="testSerializeUnknownException" time="0.017"/>
   <testcase classname="org.elasticsearch.ESExceptionTests" name="testDeduplicate" time="0.002"/>
   <testcase classname="org.elasticsearch.ESExceptionTests" name="testGetRootCause" time="0.003"/>
   <system-out><![CDATA[]]></system-out>
   <system-err><![CDATA[
   1) Thread[id=2, name=Reference Handler, state=WAITING, group=system]
        at java.lang.Object.wait(Native Method)
        at java.lang.Object.wait(Object.java:502)
        at java.lang.ref.Reference$ReferenceHandler.run(Reference.java:157)
   2) Thread[id=9, name=JUnit4-serializer-daemon, state=TIMED_WAITING, group=main]
        at java.lang.Thread.sleep(Native Method)
        at com.carrotsearch.ant.tasks.junit4.events.Serializer$1.run(Serializer.java:47)
   3) Thread[id=4, name=Signal Dispatcher, state=RUNNABLE, group=system]
        at (empty stack)
   4) Thread[id=482, name=TEST-ESExceptionTests.testStatus-seed#[4EF766618EBF2DBC], state=RUNNABLE, group=TGRP-ESExceptionTests]
        at java.lang.Thread.dumpThreads(Native Method)
        at java.lang.Thread.getAllStackTraces(Thread.java:1602)
        at org.elasticsearch.test.junit.listeners.AssertionErrorThreadDumpPrinter.testFailure(AssertionErrorThreadDumpPrinter.java:32)
        at com.carrotsearch.ant.tasks.junit4.slave.OrderedRunNotifier$4.notifyListener(OrderedRunNotifier.java:129)
        at com.carrotsearch.ant.tasks.junit4.slave.OrderedRunNotifier$SafeNotifier.run(OrderedRunNotifier.java:63)
        at com.carrotsearch.ant.tasks.junit4.slave.OrderedRunNotifier.fireTestFailure(OrderedRunNotifier.java:131)
        at com.carrotsearch.randomizedtesting.ThreadLeakControl$SubNotifier.fireTestFailure(ThreadLeakControl.java:181)
        at com.carrotsearch.randomizedtesting.RandomizedRunner.fireTestFailure(RandomizedRunner.java:774)
        at com.carrotsearch.randomizedtesting.RandomizedRunner.runSingleTest(RandomizedRunner.java:862)
        at com.carrotsearch.randomizedtesting.RandomizedRunner$3.evaluate(RandomizedRunner.java:758)
        at com.carrotsearch.randomizedtesting.RandomizedRunner$4.evaluate(RandomizedRunner.java:792)
        at com.carrotsearch.randomizedtesting.RandomizedRunner$5.evaluate(RandomizedRunner.java:803)
        at org.apache.lucene.util.AbstractBeforeAfterRule$1.evaluate(AbstractBeforeAfterRule.java:46)
        at com.carrotsearch.randomizedtesting.rules.StatementAdapter.evaluate(StatementAdapter.java:36)
        at org.apache.lucene.util.TestRuleStoreClassName$1.evaluate(TestRuleStoreClassName.java:42)
        at com.carrotsearch.randomizedtesting.rules.NoShadowingOrOverridesOnMethodsRule$1.evaluate(NoShadowingOrOverridesOnMethodsRule.java:39)
        at com.carrotsearch.randomizedtesting.rules.NoShadowingOrOverridesOnMethodsRule$1.evaluate(NoShadowingOrOverridesOnMethodsRule.java:39)
        at com.carrotsearch.randomizedtesting.rules.StatementAdapter.evaluate(StatementAdapter.java:36)
        at com.carrotsearch.randomizedtesting.rules.StatementAdapter.evaluate(StatementAdapter.java:36)
        at com.carrotsearch.randomizedtesting.rules.StatementAdapter.evaluate(StatementAdapter.java:36)
        at org.apache.lucene.util.TestRuleAssertionsRequired$1.evaluate(TestRuleAssertionsRequired.java:54)
        at org.apache.lucene.util.TestRuleMarkFailure$1.evaluate(TestRuleMarkFailure.java:48)
        at org.apache.lucene.util.TestRuleIgnoreAfterMaxFailures$1.evaluate(TestRuleIgnoreAfterMaxFailures.java:65)
        at org.apache.lucene.util.TestRuleIgnoreTestSuites$1.evaluate(TestRuleIgnoreTestSuites.java:55)
        at com.carrotsearch.randomizedtesting.rules.StatementAdapter.evaluate(StatementAdapter.java:36)
        at com.carrotsearch.randomizedtesting.ThreadLeakControl$StatementRunner.run(ThreadLeakControl.java:365)
        at java.lang.Thread.run(Thread.java:744)
   5) Thread[id=1, name=main, state=WAITING, group=main]
        at java.lang.Object.wait(Native Method)
        at java.lang.Thread.join(Thread.java:1244)
        at java.lang.Thread.join(Thread.java:1318)
        at com.carrotsearch.randomizedtesting.RandomizedRunner.runSuite(RandomizedRunner.java:589)
        at com.carrotsearch.randomizedtesting.RandomizedRunner.run(RandomizedRunner.java:444)
        at com.carrotsearch.ant.tasks.junit4.slave.SlaveMain.execute(SlaveMain.java:242)
        at com.carrotsearch.ant.tasks.junit4.slave.SlaveMain.main(SlaveMain.java:353)
        at com.carrotsearch.ant.tasks.junit4.slave.SlaveMainSafe.main(SlaveMainSafe.java:10)
   6) Thread[id=481, name=SUITE-ESExceptionTests-seed#[4EF766618EBF2DBC], state=TIMED_WAITING, group=TGRP-ESExceptionTests]
        at java.lang.Object.wait(Native Method)
        at java.lang.Thread.join(Thread.java:1252)
        at com.carrotsearch.randomizedtesting.ThreadLeakControl.forkTimeoutingTask(ThreadLeakControl.java:803)
        at com.carrotsearch.randomizedtesting.ThreadLeakControl$2.evaluate(ThreadLeakControl.java:401)
        at com.carrotsearch.randomizedtesting.RandomizedRunner.runSuite(RandomizedRunner.java:662)
        at com.carrotsearch.randomizedtesting.RandomizedRunner.access$200(RandomizedRunner.java:138)
        at com.carrotsearch.randomizedtesting.RandomizedRunner$1.run(RandomizedRunner.java:579)
   7) Thread[id=3, name=Finalizer, state=WAITING, group=system]
        at java.lang.Object.wait(Native Method)
        at java.lang.ref.ReferenceQueue.remove(ReferenceQueue.java:142)
        at java.lang.ref.ReferenceQueue.remove(ReferenceQueue.java:158)
        at java.lang.ref.Finalizer$FinalizerThread.run(Finalizer.java:209)
REPRODUCE WITH: mvn test -Pdev -pl org.elasticsearch:elasticsearch -Dtests.seed=4EF766618EBF2DBC -Dtests.class=org.elasticsearch.ESExceptionTests -Dtests.method="testStatus" -Des.logger.level=ERROR -Dtests.assertion.disabled=false -Dtests.security.manager=true -Dtests.heap.size=512m -Dtests.locale=vi_VN -Dtests.timezone=America/Indiana/Petersburg
NOTE: leaving temporary files on disk at: /Users/aar/src/elastic/elasticsearch/core/target/J1/temp/org.elasticsearch.ESExceptionTests_4EF766618EBF2DBC-001
NOTE: test params are: codec=Asserting(Lucene50): {}, docValues:{}, sim=RandomSimilarityProvider(queryNorm=false,coord=no): {}, locale=vi_VN, timezone=America/Indiana/Petersburg
NOTE: Mac OS X 10.10.5 x86_64/Oracle Corporation 1.8.0 (64-bit)/cpus=4,threads=1,free=430577536,total=525860864
NOTE: All tests run in this JVM: [ByteArrayIndexInputTests, GeoDistanceTests, SizeValueTests, NestedChildrenFilterTest, LockedRecyclerTests, ClusterModuleTests, MultiDataPathUpgraderTests, MultiFieldTests, Murmur3HashFunctionTests, SearchStatsUnitTests, InternalEngineSettingsTest, SnapshotRequestsTests, ToAndFromJsonMetaDataTests, GeoShapeFieldTypeTests, DanglingIndicesStateTests, IndexRequestBuilderTest, SetSectionParserTests, DoSectionParserTests, ChannelsTests, EnvironmentTests, SortedSetDVStringFieldDataTests, DistanceUnitTests, ShadowEngineTests, IndexAliasesServiceTests, AsyncShardFetchTests, NettyTransportMultiPortTests, TransportMessageTests, TableTests, IndexCacheableQueryTests, PathTrieTests, IndicesServiceTest, FloatFieldTypeTests, NumericAnalyzerTests, NoisyChannelSpellCheckerTests, ScriptValuesTests, CountDownTest, NestedAggregatorTest, CommonGramsTokenFilterFactoryTests, DoubleFieldTypeTests, ThreadPoolSerializationTests, SameShardRoutingTests, PreBuiltAnalyzerProviderFactoryTests, NetworkAddressTests, ParentQueryTests, InternalSettingsPreparerTests, WildcardExpressionResolverTests, SearchRequestBuilderTests, SlicedInputStreamTest, GeoHashTests, JsonFilteringGeneratorTests, NullValueObjectMappingTests, NativeScriptTests, CompletionTokenStreamTest, CustomPassageFormatterTests, ESExceptionTests]
]]></system-err>
</testsuite>